# JRE version: Java(TM) SE Runtime Environment (8.0_92-b14) (build 1.8.0_92-b14)
# Java VM: Java HotSpot(TM) Client VM (25.92-b14 mixed mode windows-x86 )
Heap:
 def new generation   total 39424K, used 4827K [0x05800000, 0x082c0000, 0x102a0000)
  eden space 35072K,   2% used [0x05800000, 0x058f58c0, 0x07a40000)
  from space 4352K,  88% used [0x07a40000, 0x07e01558, 0x07e80000)
  to   space 4352K,   0% used [0x07e80000, 0x07e80000, 0x082c0000)
 tenured generation   total 87424K, used 17434K [0x102a0000, 0x15800000, 0x25800000)
   the space 87424K,  19% used [0x102a0000, 0x113a6a90, 0x113a6c00, 0x15800000)
 Metaspace       used 17830K, capacity 18290K, committed 18304K, reserved 18816K
GC Heap History (10 events):
Event: 3.105 GC heap before
{Heap before GC invocations=0 (full 0):
 def new generation   total 39296K, used 34944K [0x05800000, 0x082a0000, 0x102a0000)
  eden space 34944K, 100% used [0x05800000, 0x07a20000, 0x07a20000)
  from space 4352K,   0% used [0x07a20000, 0x07a20000, 0x07e60000)
  to   space 4352K,   0% used [0x07e60000, 0x07e60000, 0x082a0000)
 tenured generation   total 87424K, used 0K [0x102a0000, 0x15800000, 0x25800000)
   the space 87424K,   0% used [0x102a0000, 0x102a0000, 0x102a0200, 0x15800000)
 Metaspace       used 9894K, capacity 10088K, committed 10112K, reserved 10624K
Event: 3.138 GC heap after
Heap after GC invocations=1 (full 0):
 def new generation   total 39296K, used 4352K [0x05800000, 0x082a0000, 0x102a0000)
  eden space 34944K,   0% used [0x05800000, 0x05800000, 0x07a20000)
  from space 4352K, 100% used [0x07e60000, 0x082a0000, 0x082a0000)
  to   space 4352K,   0% used [0x07a20000, 0x07a20000, 0x07e60000)
 tenured generation   total 87424K, used 2719K [0x102a0000, 0x15800000, 0x25800000)
   the space 87424K,   3% used [0x102a0000, 0x10547e00, 0x10547e00, 0x15800000)
 Metaspace       used 9894K, capacity 10088K, committed 10112K, reserved 10624K
}
Event: 4.648 GC heap before
{Heap before GC invocations=1 (full 0):
 def new generation   total 39296K, used 39296K [0x05800000, 0x082a0000, 0x102a0000)
  eden space 34944K, 100% used [0x05800000, 0x07a20000, 0x07a20000)
  from space 4352K, 100% used [0x07e60000, 0x082a0000, 0x082a0000)
  to   space 4352K,   0% used [0x07a20000, 0x07a20000, 0x07e60000)
 tenured generation   total 87424K, used 2719K [0x102a0000, 0x15800000, 0x25800000)
   the space 87424K,   3% used [0x102a0000, 0x10547e00, 0x10547e00, 0x15800000)
 Metaspace       used 11484K, capacity 11828K, committed 11904K, reserved 12672K
Event: 4.701 GC heap after
Heap after GC invocations=2 (full 0):
 def new generation   total 39296K, used 4352K [0x05800000, 0x082a0000, 0x102a0000)
  eden space 34944K,   0% used [0x05800000, 0x05800000, 0x07a20000)
  from space 4352K, 100% used [0x07a20000, 0x07e60000, 0x07e60000)
  to   space 4352K,   0% used [0x07e60000, 0x07e60000, 0x082a0000)
 tenured generation   total 87424K, used 7948K [0x102a0000, 0x15800000, 0x25800000)
   the space 87424K,   9% used [0x102a0000, 0x10a63380, 0x10a63400, 0x15800000)
 Metaspace       used 11484K, capacity 11828K, committed 11904K, reserved 12672K
}
Event: 4.906 GC heap before
{Heap before GC invocations=2 (full 0):
 def new generation   total 39296K, used 9544K [0x05800000, 0x082a0000, 0x102a0000)
  eden space 34944K,  14% used [0x05800000, 0x05d123b0, 0x07a20000)
  from space 4352K, 100% used [0x07a20000, 0x07e60000, 0x07e60000)
  to   space 4352K,   0% used [0x07e60000, 0x07e60000, 0x082a0000)
 tenured generation   total 87424K, used 7948K [0x102a0000, 0x15800000, 0x25800000)
   the space 87424K,   9% used [0x102a0000, 0x10a63380, 0x10a63400, 0x15800000)
 Metaspace       used 11922K, capacity 12254K, committed 12288K, reserved 12672K
Event: 4.988 GC heap after
Heap after GC invocations=3 (full 1):
 def new generation   total 39424K, used 0K [0x05800000, 0x082c0000, 0x102a0000)
  eden space 35072K,   0% used [0x05800000, 0x05800000, 0x07a40000)
  from space 4352K,   0% used [0x07a40000, 0x07a40000, 0x07e80000)
  to   space 4352K,   0% used [0x07e80000, 0x07e80000, 0x082c0000)
 tenured generation   total 87424K, used 12793K [0x102a0000, 0x15800000, 0x25800000)
   the space 87424K,  14% used [0x102a0000, 0x10f1e640, 0x10f1e800, 0x15800000)
 Metaspace       used 11922K, capacity 12254K, committed 12288K, reserved 12672K
}
Event: 7.992 GC heap before
{Heap before GC invocations=3 (full 1):
 def new generation   total 39424K, used 35072K [0x05800000, 0x082c0000, 0x102a0000)
  eden space 35072K, 100% used [0x05800000, 0x07a40000, 0x07a40000)
  from space 4352K,   0% used [0x07a40000, 0x07a40000, 0x07e80000)
  to   space 4352K,   0% used [0x07e80000, 0x07e80000, 0x082c0000)
 tenured generation   total 87424K, used 12793K [0x102a0000, 0x15800000, 0x25800000)
   the space 87424K,  14% used [0x102a0000, 0x10f1e640, 0x10f1e800, 0x15800000)
 Metaspace       used 16055K, capacity 16410K, committed 16512K, reserved 16768K
Event: 8.020 GC heap after
Heap after GC invocations=4 (full 1):
 def new generation   total 39424K, used 4352K [0x05800000, 0x082c0000, 0x102a0000)
  eden space 35072K,   0% used [0x05800000, 0x05800000, 0x07a40000)
  from space 4352K, 100% used [0x07e80000, 0x082c0000, 0x082c0000)
  to   space 4352K,   0% used [0x07a40000, 0x07a40000, 0x07e80000)
 tenured generation   total 87424K, used 14672K [0x102a0000, 0x15800000, 0x25800000)
   the space 87424K,  16% used [0x102a0000, 0x110f4118, 0x110f4200, 0x15800000)
 Metaspace       used 16055K, capacity 16410K, committed 16512K, reserved 16768K
}
Event: 131.916 GC heap before
{Heap before GC invocations=4 (full 1):
 def new generation   total 39424K, used 39424K [0x05800000, 0x082c0000, 0x102a0000)
  eden space 35072K, 100% used [0x05800000, 0x07a40000, 0x07a40000)
  from space 4352K, 100% used [0x07e80000, 0x082c0000, 0x082c0000)
  to   space 4352K,   0% used [0x07a40000, 0x07a40000, 0x07e80000)
 tenured generation   total 87424K, used 14676K [0x102a0000, 0x15800000, 0x25800000)
   the space 87424K,  16% used [0x102a0000, 0x110f5140, 0x110f5200, 0x15800000)
 Metaspace       used 17765K, capacity 18226K, committed 18304K, reserved 18816K
Event: 131.955 GC heap after
Heap after GC invocations=5 (full 1):
 def new generation   total 39424K, used 3845K [0x05800000, 0x082c0000, 0x102a0000)
  eden space 35072K,   0% used [0x05800000, 0x05800000, 0x07a40000)
  from space 4352K,  88% used [0x07a40000, 0x07e01558, 0x07e80000)
  to   space 4352K,   0% used [0x07e80000, 0x07e80000, 0x082c0000)
 tenured generation   total 87424K, used 17434K [0x102a0000, 0x15800000, 0x25800000)
   the space 87424K,  19% used [0x102a0000, 0x113a6a90, 0x113a6c00, 0x15800000)
 Metaspace       used 17765K, capacity 18226K, committed 18304K, reserved 18816K
}

