# JRE version: Java(TM) SE Runtime Environment (8.0_92-b14) (build 1.8.0_92-b14)
# Java VM: Java HotSpot(TM) Client VM (25.92-b14 mixed mode windows-x86 )
Heap:
 def new generation   total 39424K, used 3402K [0x05200000, 0x07cc0000, 0x0fca0000)
  eden space 35072K,   4% used [0x05200000, 0x0539a838, 0x07440000)
  from space 4352K,  40% used [0x07440000, 0x075f8128, 0x07880000)
  to   space 4352K,   0% used [0x07880000, 0x07880000, 0x07cc0000)
 tenured generation   total 87424K, used 27835K [0x0fca0000, 0x15200000, 0x25200000)
   the space 87424K,  31% used [0x0fca0000, 0x117cee68, 0x117cf000, 0x15200000)
 Metaspace       used 19342K, capacity 19814K, committed 19840K, reserved 19840K
GC Heap History (10 events):
Event: 163.642 GC heap before
{Heap before GC invocations=4 (full 1):
 def new generation   total 39424K, used 39424K [0x05200000, 0x07cc0000, 0x0fca0000)
  eden space 35072K, 100% used [0x05200000, 0x07440000, 0x07440000)
  from space 4352K, 100% used [0x07880000, 0x07cc0000, 0x07cc0000)
  to   space 4352K,   0% used [0x07440000, 0x07440000, 0x07880000)
 tenured generation   total 87424K, used 15032K [0x0fca0000, 0x15200000, 0x25200000)
   the space 87424K,  17% used [0x0fca0000, 0x10b4e3b0, 0x10b4e400, 0x15200000)
 Metaspace       used 18124K, capacity 18551K, committed 18688K, reserved 18816K
Event: 163.693 GC heap after
Heap after GC invocations=5 (full 1):
 def new generation   total 39424K, used 3426K [0x05200000, 0x07cc0000, 0x0fca0000)
  eden space 35072K,   0% used [0x05200000, 0x05200000, 0x07440000)
  from space 4352K,  78% used [0x07440000, 0x07798be8, 0x07880000)
  to   space 4352K,   0% used [0x07880000, 0x07880000, 0x07cc0000)
 tenured generation   total 87424K, used 25780K [0x0fca0000, 0x15200000, 0x25200000)
   the space 87424K,  29% used [0x0fca0000, 0x115cd338, 0x115cd400, 0x15200000)
 Metaspace       used 18124K, capacity 18551K, committed 18688K, reserved 18816K
}
Event: 212.868 GC heap before
{Heap before GC invocations=5 (full 1):
 def new generation   total 39424K, used 38498K [0x05200000, 0x07cc0000, 0x0fca0000)
  eden space 35072K, 100% used [0x05200000, 0x07440000, 0x07440000)
  from space 4352K,  78% used [0x07440000, 0x07798be8, 0x07880000)
  to   space 4352K,   0% used [0x07880000, 0x07880000, 0x07cc0000)
 tenured generation   total 87424K, used 25780K [0x0fca0000, 0x15200000, 0x25200000)
   the space 87424K,  29% used [0x0fca0000, 0x115cd338, 0x115cd400, 0x15200000)
 Metaspace       used 19222K, capacity 19684K, committed 19712K, reserved 19840K
Event: 212.891 GC heap after
Heap after GC invocations=6 (full 1):
 def new generation   total 39424K, used 1460K [0x05200000, 0x07cc0000, 0x0fca0000)
  eden space 35072K,   0% used [0x05200000, 0x05200000, 0x07440000)
  from space 4352K,  33% used [0x07880000, 0x079ed0f0, 0x07cc0000)
  to   space 4352K,   0% used [0x07440000, 0x07440000, 0x07880000)
 tenured generation   total 87424K, used 27835K [0x0fca0000, 0x15200000, 0x25200000)
   the space 87424K,  31% used [0x0fca0000, 0x117cee68, 0x117cf000, 0x15200000)
 Metaspace       used 19222K, capacity 19684K, committed 19712K, reserved 19840K
}
Event: 693.028 GC heap before
{Heap before GC invocations=6 (full 1):
 def new generation   total 39424K, used 36532K [0x05200000, 0x07cc0000, 0x0fca0000)
  eden space 35072K, 100% used [0x05200000, 0x07440000, 0x07440000)
  from space 4352K,  33% used [0x07880000, 0x079ed0f0, 0x07cc0000)
  to   space 4352K,   0% used [0x07440000, 0x07440000, 0x07880000)
 tenured generation   total 87424K, used 27835K [0x0fca0000, 0x15200000, 0x25200000)
   the space 87424K,  31% used [0x0fca0000, 0x117cee68, 0x117cf000, 0x15200000)
 Metaspace       used 19263K, capacity 19748K, committed 19840K, reserved 19840K
Event: 693.045 GC heap after
Heap after GC invocations=7 (full 1):
 def new generation   total 39424K, used 1727K [0x05200000, 0x07cc0000, 0x0fca0000)
  eden space 35072K,   0% used [0x05200000, 0x05200000, 0x07440000)
  from space 4352K,  39% used [0x07440000, 0x075efed8, 0x07880000)
  to   space 4352K,   0% used [0x07880000, 0x07880000, 0x07cc0000)
 tenured generation   total 87424K, used 27835K [0x0fca0000, 0x15200000, 0x25200000)
   the space 87424K,  31% used [0x0fca0000, 0x117cee68, 0x117cf000, 0x15200000)
 Metaspace       used 19263K, capacity 19748K, committed 19840K, reserved 19840K
}
Event: 1268.823 GC heap before
{Heap before GC invocations=7 (full 1):
 def new generation   total 39424K, used 36799K [0x05200000, 0x07cc0000, 0x0fca0000)
  eden space 35072K, 100% used [0x05200000, 0x07440000, 0x07440000)
  from space 4352K,  39% used [0x07440000, 0x075efed8, 0x07880000)
  to   space 4352K,   0% used [0x07880000, 0x07880000, 0x07cc0000)
 tenured generation   total 87424K, used 27835K [0x0fca0000, 0x15200000, 0x25200000)
   the space 87424K,  31% used [0x0fca0000, 0x117cee68, 0x117cf000, 0x15200000)
 Metaspace       used 19342K, capacity 19814K, committed 19840K, reserved 19840K
Event: 1268.839 GC heap after
Heap after GC invocations=8 (full 1):
 def new generation   total 39424K, used 1992K [0x05200000, 0x07cc0000, 0x0fca0000)
  eden space 35072K,   0% used [0x05200000, 0x05200000, 0x07440000)
  from space 4352K,  45% used [0x07880000, 0x07a72120, 0x07cc0000)
  to   space 4352K,   0% used [0x07440000, 0x07440000, 0x07880000)
 tenured generation   total 87424K, used 27835K [0x0fca0000, 0x15200000, 0x25200000)
   the space 87424K,  31% used [0x0fca0000, 0x117cee68, 0x117cf000, 0x15200000)
 Metaspace       used 19342K, capacity 19814K, committed 19840K, reserved 19840K
}
Event: 3536.729 GC heap before
{Heap before GC invocations=8 (full 1):
 def new generation   total 39424K, used 37064K [0x05200000, 0x07cc0000, 0x0fca0000)
  eden space 35072K, 100% used [0x05200000, 0x07440000, 0x07440000)
  from space 4352K,  45% used [0x07880000, 0x07a72120, 0x07cc0000)
  to   space 4352K,   0% used [0x07440000, 0x07440000, 0x07880000)
 tenured generation   total 87424K, used 27835K [0x0fca0000, 0x15200000, 0x25200000)
   the space 87424K,  31% used [0x0fca0000, 0x117cee68, 0x117cf000, 0x15200000)
 Metaspace       used 19342K, capacity 19814K, committed 19840K, reserved 19840K
Event: 3536.742 GC heap after
Heap after GC invocations=9 (full 1):
 def new generation   total 39424K, used 1760K [0x05200000, 0x07cc0000, 0x0fca0000)
  eden space 35072K,   0% used [0x05200000, 0x05200000, 0x07440000)
  from space 4352K,  40% used [0x07440000, 0x075f8128, 0x07880000)
  to   space 4352K,   0% used [0x07880000, 0x07880000, 0x07cc0000)
 tenured generation   total 87424K, used 27835K [0x0fca0000, 0x15200000, 0x25200000)
   the space 87424K,  31% used [0x0fca0000, 0x117cee68, 0x117cf000, 0x15200000)
 Metaspace       used 19342K, capacity 19814K, committed 19840K, reserved 19840K
}

