# JRE version: Java(TM) SE Runtime Environment (8.0_92-b14) (build 1.8.0_92-b14)
# Java VM: Java HotSpot(TM) Client VM (25.92-b14 mixed mode windows-x86 )
Heap:
 def new generation   total 39424K, used 36196K [0x07000000, 0x09ac0000, 0x11aa0000)
  eden space 35072K, 100% used [0x07000000, 0x09240000, 0x09240000)
  from space 4352K,  25% used [0x09680000, 0x097993d8, 0x09ac0000)
  to   space 4352K,   0% used [0x09240000, 0x09240000, 0x09680000)
 tenured generation   total 87424K, used 25821K [0x11aa0000, 0x17000000, 0x27000000)
   the space 87424K,  29% used [0x11aa0000, 0x133d7548, 0x133d7600, 0x17000000)
 Metaspace       used 17969K, capacity 18418K, committed 18560K, reserved 18816K
GC Heap History (10 events):
Event: 8.899 GC heap before
{Heap before GC invocations=1 (full 0):
 def new generation   total 39296K, used 39296K [0x07000000, 0x09aa0000, 0x11aa0000)
  eden space 34944K, 100% used [0x07000000, 0x09220000, 0x09220000)
  from space 4352K, 100% used [0x09660000, 0x09aa0000, 0x09aa0000)
  to   space 4352K,   0% used [0x09220000, 0x09220000, 0x09660000)
 tenured generation   total 87424K, used 2567K [0x11aa0000, 0x17000000, 0x27000000)
   the space 87424K,   2% used [0x11aa0000, 0x11d21fc8, 0x11d22000, 0x17000000)
 Metaspace       used 11230K, capacity 11569K, committed 11648K, reserved 11648K
Event: 8.955 GC heap after
Heap after GC invocations=2 (full 0):
 def new generation   total 39296K, used 4352K [0x07000000, 0x09aa0000, 0x11aa0000)
  eden space 34944K,   0% used [0x07000000, 0x07000000, 0x09220000)
  from space 4352K, 100% used [0x09220000, 0x09660000, 0x09660000)
  to   space 4352K,   0% used [0x09660000, 0x09660000, 0x09aa0000)
 tenured generation   total 87424K, used 7418K [0x11aa0000, 0x17000000, 0x27000000)
   the space 87424K,   8% used [0x11aa0000, 0x121deb48, 0x121dec00, 0x17000000)
 Metaspace       used 11230K, capacity 11569K, committed 11648K, reserved 11648K
}
Event: 9.614 GC heap before
{Heap before GC invocations=2 (full 0):
 def new generation   total 39296K, used 16303K [0x07000000, 0x09aa0000, 0x11aa0000)
  eden space 34944K,  34% used [0x07000000, 0x07babea8, 0x09220000)
  from space 4352K, 100% used [0x09220000, 0x09660000, 0x09660000)
  to   space 4352K,   0% used [0x09660000, 0x09660000, 0x09aa0000)
 tenured generation   total 87424K, used 7418K [0x11aa0000, 0x17000000, 0x27000000)
   the space 87424K,   8% used [0x11aa0000, 0x121deb48, 0x121dec00, 0x17000000)
 Metaspace       used 11934K, capacity 12249K, committed 12288K, reserved 12672K
Event: 9.691 GC heap after
Heap after GC invocations=3 (full 1):
 def new generation   total 39424K, used 0K [0x07000000, 0x09ac0000, 0x11aa0000)
  eden space 35072K,   0% used [0x07000000, 0x07000000, 0x09240000)
  from space 4352K,   0% used [0x09240000, 0x09240000, 0x09680000)
  to   space 4352K,   0% used [0x09680000, 0x09680000, 0x09ac0000)
 tenured generation   total 87424K, used 12581K [0x11aa0000, 0x17000000, 0x27000000)
   the space 87424K,  14% used [0x11aa0000, 0x126e97c0, 0x126e9800, 0x17000000)
 Metaspace       used 11934K, capacity 12249K, committed 12288K, reserved 12672K
}
Event: 13.652 GC heap before
{Heap before GC invocations=3 (full 1):
 def new generation   total 39424K, used 35072K [0x07000000, 0x09ac0000, 0x11aa0000)
  eden space 35072K, 100% used [0x07000000, 0x09240000, 0x09240000)
  from space 4352K,   0% used [0x09240000, 0x09240000, 0x09680000)
  to   space 4352K,   0% used [0x09680000, 0x09680000, 0x09ac0000)
 tenured generation   total 87424K, used 12581K [0x11aa0000, 0x17000000, 0x27000000)
   the space 87424K,  14% used [0x11aa0000, 0x126e97c0, 0x126e9800, 0x17000000)
 Metaspace       used 15727K, capacity 16100K, committed 16256K, reserved 16768K
Event: 13.686 GC heap after
Heap after GC invocations=4 (full 1):
 def new generation   total 39424K, used 4352K [0x07000000, 0x09ac0000, 0x11aa0000)
  eden space 35072K,   0% used [0x07000000, 0x07000000, 0x09240000)
  from space 4352K, 100% used [0x09680000, 0x09ac0000, 0x09ac0000)
  to   space 4352K,   0% used [0x09240000, 0x09240000, 0x09680000)
 tenured generation   total 87424K, used 13794K [0x11aa0000, 0x17000000, 0x27000000)
   the space 87424K,  15% used [0x11aa0000, 0x12818918, 0x12818a00, 0x17000000)
 Metaspace       used 15727K, capacity 16100K, committed 16256K, reserved 16768K
}
Event: 73.733 GC heap before
{Heap before GC invocations=4 (full 1):
 def new generation   total 39424K, used 39424K [0x07000000, 0x09ac0000, 0x11aa0000)
  eden space 35072K, 100% used [0x07000000, 0x09240000, 0x09240000)
  from space 4352K, 100% used [0x09680000, 0x09ac0000, 0x09ac0000)
  to   space 4352K,   0% used [0x09240000, 0x09240000, 0x09680000)
 tenured generation   total 87424K, used 13794K [0x11aa0000, 0x17000000, 0x27000000)
   the space 87424K,  15% used [0x11aa0000, 0x12818918, 0x12818a00, 0x17000000)
 Metaspace       used 17729K, capacity 18174K, committed 18304K, reserved 18816K
Event: 73.782 GC heap after
Heap after GC invocations=5 (full 1):
 def new generation   total 39424K, used 4202K [0x07000000, 0x09ac0000, 0x11aa0000)
  eden space 35072K,   0% used [0x07000000, 0x07000000, 0x09240000)
  from space 4352K,  96% used [0x09240000, 0x0965abb0, 0x09680000)
  to   space 4352K,   0% used [0x09680000, 0x09680000, 0x09ac0000)
 tenured generation   total 87424K, used 23750K [0x11aa0000, 0x17000000, 0x27000000)
   the space 87424K,  27% used [0x11aa0000, 0x131d1a00, 0x131d1a00, 0x17000000)
 Metaspace       used 17729K, capacity 18174K, committed 18304K, reserved 18816K
}
Event: 416.037 GC heap before
{Heap before GC invocations=5 (full 1):
 def new generation   total 39424K, used 39274K [0x07000000, 0x09ac0000, 0x11aa0000)
  eden space 35072K, 100% used [0x07000000, 0x09240000, 0x09240000)
  from space 4352K,  96% used [0x09240000, 0x0965abb0, 0x09680000)
  to   space 4352K,   0% used [0x09680000, 0x09680000, 0x09ac0000)
 tenured generation   total 87424K, used 23750K [0x11aa0000, 0x17000000, 0x27000000)
   the space 87424K,  27% used [0x11aa0000, 0x131d1a00, 0x131d1a00, 0x17000000)
 Metaspace       used 17942K, capacity 18386K, committed 18432K, reserved 18816K
Event: 416.056 GC heap after
Heap after GC invocations=6 (full 1):
 def new generation   total 39424K, used 1124K [0x07000000, 0x09ac0000, 0x11aa0000)
  eden space 35072K,   0% used [0x07000000, 0x07000000, 0x09240000)
  from space 4352K,  25% used [0x09680000, 0x097993d8, 0x09ac0000)
  to   space 4352K,   0% used [0x09240000, 0x09240000, 0x09680000)
 tenured generation   total 87424K, used 25821K [0x11aa0000, 0x17000000, 0x27000000)
   the space 87424K,  29% used [0x11aa0000, 0x133d7548, 0x133d7600, 0x17000000)
 Metaspace       used 17942K, capacity 18386K, committed 18432K, reserved 18816K
}

