# JRE version: Java(TM) SE Runtime Environment (8.0_92-b14) (build 1.8.0_92-b14)
# Java VM: Java HotSpot(TM) Client VM (25.92-b14 mixed mode windows-x86 )
Heap:
 def new generation   total 39424K, used 1903K [0x05e00000, 0x088c0000, 0x108a0000)
  eden space 35072K,   2% used [0x05e00000, 0x05eb81b0, 0x08040000)
  from space 4352K,  26% used [0x08480000, 0x085a3cb8, 0x088c0000)
  to   space 4352K,   0% used [0x08040000, 0x08040000, 0x08480000)
 tenured generation   total 87424K, used 26549K [0x108a0000, 0x15e00000, 0x25e00000)
   the space 87424K,  30% used [0x108a0000, 0x1228d408, 0x1228d600, 0x15e00000)
 Metaspace       used 17960K, capacity 18421K, committed 18432K, reserved 18816K
GC Heap History (10 events):
Event: 4.381 GC heap before
{Heap before GC invocations=1 (full 0):
 def new generation   total 39296K, used 39296K [0x05e00000, 0x088a0000, 0x108a0000)
  eden space 34944K, 100% used [0x05e00000, 0x08020000, 0x08020000)
  from space 4352K, 100% used [0x08460000, 0x088a0000, 0x088a0000)
  to   space 4352K,   0% used [0x08020000, 0x08020000, 0x08460000)
 tenured generation   total 87424K, used 2776K [0x108a0000, 0x15e00000, 0x25e00000)
   the space 87424K,   3% used [0x108a0000, 0x10b56270, 0x10b56400, 0x15e00000)
 Metaspace       used 11582K, capacity 11921K, committed 12032K, reserved 12672K
Event: 4.436 GC heap after
Heap after GC invocations=2 (full 0):
 def new generation   total 39296K, used 4352K [0x05e00000, 0x088a0000, 0x108a0000)
  eden space 34944K,   0% used [0x05e00000, 0x05e00000, 0x08020000)
  from space 4352K, 100% used [0x08020000, 0x08460000, 0x08460000)
  to   space 4352K,   0% used [0x08460000, 0x08460000, 0x088a0000)
 tenured generation   total 87424K, used 7831K [0x108a0000, 0x15e00000, 0x25e00000)
   the space 87424K,   8% used [0x108a0000, 0x11045dd0, 0x11045e00, 0x15e00000)
 Metaspace       used 11582K, capacity 11921K, committed 12032K, reserved 12672K
}
Event: 4.600 GC heap before
{Heap before GC invocations=2 (full 0):
 def new generation   total 39296K, used 8426K [0x05e00000, 0x088a0000, 0x108a0000)
  eden space 34944K,  11% used [0x05e00000, 0x061faaa0, 0x08020000)
  from space 4352K, 100% used [0x08020000, 0x08460000, 0x08460000)
  to   space 4352K,   0% used [0x08460000, 0x08460000, 0x088a0000)
 tenured generation   total 87424K, used 7831K [0x108a0000, 0x15e00000, 0x25e00000)
   the space 87424K,   8% used [0x108a0000, 0x11045dd0, 0x11045e00, 0x15e00000)
 Metaspace       used 11924K, capacity 12249K, committed 12288K, reserved 12672K
Event: 4.667 GC heap after
Heap after GC invocations=3 (full 1):
 def new generation   total 39424K, used 0K [0x05e00000, 0x088c0000, 0x108a0000)
  eden space 35072K,   0% used [0x05e00000, 0x05e00000, 0x08040000)
  from space 4352K,   0% used [0x08040000, 0x08040000, 0x08480000)
  to   space 4352K,   0% used [0x08480000, 0x08480000, 0x088c0000)
 tenured generation   total 87424K, used 12503K [0x108a0000, 0x15e00000, 0x25e00000)
   the space 87424K,  14% used [0x108a0000, 0x114d5e98, 0x114d6000, 0x15e00000)
 Metaspace       used 11924K, capacity 12249K, committed 12288K, reserved 12672K
}
Event: 7.411 GC heap before
{Heap before GC invocations=3 (full 1):
 def new generation   total 39424K, used 35072K [0x05e00000, 0x088c0000, 0x108a0000)
  eden space 35072K, 100% used [0x05e00000, 0x08040000, 0x08040000)
  from space 4352K,   0% used [0x08040000, 0x08040000, 0x08480000)
  to   space 4352K,   0% used [0x08480000, 0x08480000, 0x088c0000)
 tenured generation   total 87424K, used 12503K [0x108a0000, 0x15e00000, 0x25e00000)
   the space 87424K,  14% used [0x108a0000, 0x114d5e98, 0x114d6000, 0x15e00000)
 Metaspace       used 16079K, capacity 16487K, committed 16512K, reserved 16768K
Event: 7.443 GC heap after
Heap after GC invocations=4 (full 1):
 def new generation   total 39424K, used 4352K [0x05e00000, 0x088c0000, 0x108a0000)
  eden space 35072K,   0% used [0x05e00000, 0x05e00000, 0x08040000)
  from space 4352K, 100% used [0x08480000, 0x088c0000, 0x088c0000)
  to   space 4352K,   0% used [0x08040000, 0x08040000, 0x08480000)
 tenured generation   total 87424K, used 14440K [0x108a0000, 0x15e00000, 0x25e00000)
   the space 87424K,  16% used [0x108a0000, 0x116ba288, 0x116ba400, 0x15e00000)
 Metaspace       used 16079K, capacity 16487K, committed 16512K, reserved 16768K
}
Event: 46.440 GC heap before
{Heap before GC invocations=4 (full 1):
 def new generation   total 39424K, used 39424K [0x05e00000, 0x088c0000, 0x108a0000)
  eden space 35072K, 100% used [0x05e00000, 0x08040000, 0x08040000)
  from space 4352K, 100% used [0x08480000, 0x088c0000, 0x088c0000)
  to   space 4352K,   0% used [0x08040000, 0x08040000, 0x08480000)
 tenured generation   total 87424K, used 14440K [0x108a0000, 0x15e00000, 0x25e00000)
   the space 87424K,  16% used [0x108a0000, 0x116ba288, 0x116ba400, 0x15e00000)
 Metaspace       used 17754K, capacity 18209K, committed 18304K, reserved 18816K
Event: 46.486 GC heap after
Heap after GC invocations=5 (full 1):
 def new generation   total 39424K, used 3034K [0x05e00000, 0x088c0000, 0x108a0000)
  eden space 35072K,   0% used [0x05e00000, 0x05e00000, 0x08040000)
  from space 4352K,  69% used [0x08040000, 0x08336998, 0x08480000)
  to   space 4352K,   0% used [0x08480000, 0x08480000, 0x088c0000)
 tenured generation   total 87424K, used 24866K [0x108a0000, 0x15e00000, 0x25e00000)
   the space 87424K,  28% used [0x108a0000, 0x120e8be0, 0x120e8c00, 0x15e00000)
 Metaspace       used 17754K, capacity 18209K, committed 18304K, reserved 18816K
}
Event: 536.275 GC heap before
{Heap before GC invocations=5 (full 1):
 def new generation   total 39424K, used 38106K [0x05e00000, 0x088c0000, 0x108a0000)
  eden space 35072K, 100% used [0x05e00000, 0x08040000, 0x08040000)
  from space 4352K,  69% used [0x08040000, 0x08336998, 0x08480000)
  to   space 4352K,   0% used [0x08480000, 0x08480000, 0x088c0000)
 tenured generation   total 87424K, used 24866K [0x108a0000, 0x15e00000, 0x25e00000)
   the space 87424K,  28% used [0x108a0000, 0x120e8be0, 0x120e8c00, 0x15e00000)
 Metaspace       used 17960K, capacity 18421K, committed 18432K, reserved 18816K
Event: 536.299 GC heap after
Heap after GC invocations=6 (full 1):
 def new generation   total 39424K, used 1167K [0x05e00000, 0x088c0000, 0x108a0000)
  eden space 35072K,   0% used [0x05e00000, 0x05e00000, 0x08040000)
  from space 4352K,  26% used [0x08480000, 0x085a3cb8, 0x088c0000)
  to   space 4352K,   0% used [0x08040000, 0x08040000, 0x08480000)
 tenured generation   total 87424K, used 26549K [0x108a0000, 0x15e00000, 0x25e00000)
   the space 87424K,  30% used [0x108a0000, 0x1228d408, 0x1228d600, 0x15e00000)
 Metaspace       used 17960K, capacity 18421K, committed 18432K, reserved 18816K
}

