# JRE version: Java(TM) SE Runtime Environment (8.0_92-b14) (build 1.8.0_92-b14)
# Java VM: Java HotSpot(TM) Client VM (25.92-b14 mixed mode windows-x86 )
Heap:
 def new generation   total 39424K, used 7991K [0x06200000, 0x08cc0000, 0x10ca0000)
  eden space 35072K,  19% used [0x06200000, 0x068855c0, 0x08440000)
  from space 4352K,  30% used [0x08880000, 0x089c8648, 0x08cc0000)
  to   space 4352K,   0% used [0x08440000, 0x08440000, 0x08880000)
 tenured generation   total 87424K, used 26503K [0x10ca0000, 0x16200000, 0x26200000)
   the space 87424K,  30% used [0x10ca0000, 0x12681ec8, 0x12682000, 0x16200000)
 Metaspace       used 17891K, capacity 18354K, committed 18432K, reserved 18816K
GC Heap History (10 events):
Event: 4.551 GC heap before
{Heap before GC invocations=1 (full 0):
 def new generation   total 39296K, used 39296K [0x06200000, 0x08ca0000, 0x10ca0000)
  eden space 34944K, 100% used [0x06200000, 0x08420000, 0x08420000)
  from space 4352K, 100% used [0x08860000, 0x08ca0000, 0x08ca0000)
  to   space 4352K,   0% used [0x08420000, 0x08420000, 0x08860000)
 tenured generation   total 87424K, used 2787K [0x10ca0000, 0x16200000, 0x26200000)
   the space 87424K,   3% used [0x10ca0000, 0x10f58e18, 0x10f59000, 0x16200000)
 Metaspace       used 11581K, capacity 11921K, committed 12032K, reserved 12672K
Event: 4.603 GC heap after
Heap after GC invocations=2 (full 0):
 def new generation   total 39296K, used 4352K [0x06200000, 0x08ca0000, 0x10ca0000)
  eden space 34944K,   0% used [0x06200000, 0x06200000, 0x08420000)
  from space 4352K, 100% used [0x08420000, 0x08860000, 0x08860000)
  to   space 4352K,   0% used [0x08860000, 0x08860000, 0x08ca0000)
 tenured generation   total 87424K, used 7831K [0x10ca0000, 0x16200000, 0x26200000)
   the space 87424K,   8% used [0x10ca0000, 0x11445e88, 0x11446000, 0x16200000)
 Metaspace       used 11581K, capacity 11921K, committed 12032K, reserved 12672K
}
Event: 4.767 GC heap before
{Heap before GC invocations=2 (full 0):
 def new generation   total 39296K, used 8544K [0x06200000, 0x08ca0000, 0x10ca0000)
  eden space 34944K,  11% used [0x06200000, 0x066180e8, 0x08420000)
  from space 4352K, 100% used [0x08420000, 0x08860000, 0x08860000)
  to   space 4352K,   0% used [0x08860000, 0x08860000, 0x08ca0000)
 tenured generation   total 87424K, used 7831K [0x10ca0000, 0x16200000, 0x26200000)
   the space 87424K,   8% used [0x10ca0000, 0x11445e88, 0x11446000, 0x16200000)
 Metaspace       used 11924K, capacity 12251K, committed 12288K, reserved 12672K
Event: 4.833 GC heap after
Heap after GC invocations=3 (full 1):
 def new generation   total 39424K, used 0K [0x06200000, 0x08cc0000, 0x10ca0000)
  eden space 35072K,   0% used [0x06200000, 0x06200000, 0x08440000)
  from space 4352K,   0% used [0x08440000, 0x08440000, 0x08880000)
  to   space 4352K,   0% used [0x08880000, 0x08880000, 0x08cc0000)
 tenured generation   total 87424K, used 12513K [0x10ca0000, 0x16200000, 0x26200000)
   the space 87424K,  14% used [0x10ca0000, 0x118d8428, 0x118d8600, 0x16200000)
 Metaspace       used 11924K, capacity 12251K, committed 12288K, reserved 12672K
}
Event: 7.614 GC heap before
{Heap before GC invocations=3 (full 1):
 def new generation   total 39424K, used 35072K [0x06200000, 0x08cc0000, 0x10ca0000)
  eden space 35072K, 100% used [0x06200000, 0x08440000, 0x08440000)
  from space 4352K,   0% used [0x08440000, 0x08440000, 0x08880000)
  to   space 4352K,   0% used [0x08880000, 0x08880000, 0x08cc0000)
 tenured generation   total 87424K, used 12513K [0x10ca0000, 0x16200000, 0x26200000)
   the space 87424K,  14% used [0x10ca0000, 0x118d8428, 0x118d8600, 0x16200000)
 Metaspace       used 16159K, capacity 16556K, committed 16640K, reserved 16768K
Event: 7.646 GC heap after
Heap after GC invocations=4 (full 1):
 def new generation   total 39424K, used 4352K [0x06200000, 0x08cc0000, 0x10ca0000)
  eden space 35072K,   0% used [0x06200000, 0x06200000, 0x08440000)
  from space 4352K, 100% used [0x08880000, 0x08cc0000, 0x08cc0000)
  to   space 4352K,   0% used [0x08440000, 0x08440000, 0x08880000)
 tenured generation   total 87424K, used 14450K [0x10ca0000, 0x16200000, 0x26200000)
   the space 87424K,  16% used [0x10ca0000, 0x11abc930, 0x11abca00, 0x16200000)
 Metaspace       used 16159K, capacity 16556K, committed 16640K, reserved 16768K
}
Event: 41.571 GC heap before
{Heap before GC invocations=4 (full 1):
 def new generation   total 39424K, used 39424K [0x06200000, 0x08cc0000, 0x10ca0000)
  eden space 35072K, 100% used [0x06200000, 0x08440000, 0x08440000)
  from space 4352K, 100% used [0x08880000, 0x08cc0000, 0x08cc0000)
  to   space 4352K,   0% used [0x08440000, 0x08440000, 0x08880000)
 tenured generation   total 87424K, used 14450K [0x10ca0000, 0x16200000, 0x26200000)
   the space 87424K,  16% used [0x10ca0000, 0x11abc930, 0x11abca00, 0x16200000)
 Metaspace       used 17677K, capacity 18142K, committed 18176K, reserved 18816K
Event: 41.618 GC heap after
Heap after GC invocations=5 (full 1):
 def new generation   total 39424K, used 3108K [0x06200000, 0x08cc0000, 0x10ca0000)
  eden space 35072K,   0% used [0x06200000, 0x06200000, 0x08440000)
  from space 4352K,  71% used [0x08440000, 0x087492e8, 0x08880000)
  to   space 4352K,   0% used [0x08880000, 0x08880000, 0x08cc0000)
 tenured generation   total 87424K, used 24879K [0x10ca0000, 0x16200000, 0x26200000)
   the space 87424K,  28% used [0x10ca0000, 0x124ebe08, 0x124ec000, 0x16200000)
 Metaspace       used 17677K, capacity 18142K, committed 18176K, reserved 18816K
}
Event: 715.515 GC heap before
{Heap before GC invocations=5 (full 1):
 def new generation   total 39424K, used 38180K [0x06200000, 0x08cc0000, 0x10ca0000)
  eden space 35072K, 100% used [0x06200000, 0x08440000, 0x08440000)
  from space 4352K,  71% used [0x08440000, 0x087492e8, 0x08880000)
  to   space 4352K,   0% used [0x08880000, 0x08880000, 0x08cc0000)
 tenured generation   total 87424K, used 24879K [0x10ca0000, 0x16200000, 0x26200000)
   the space 87424K,  28% used [0x10ca0000, 0x124ebe08, 0x124ec000, 0x16200000)
 Metaspace       used 17816K, capacity 18290K, committed 18304K, reserved 18816K
Event: 715.534 GC heap after
Heap after GC invocations=6 (full 1):
 def new generation   total 39424K, used 1313K [0x06200000, 0x08cc0000, 0x10ca0000)
  eden space 35072K,   0% used [0x06200000, 0x06200000, 0x08440000)
  from space 4352K,  30% used [0x08880000, 0x089c8648, 0x08cc0000)
  to   space 4352K,   0% used [0x08440000, 0x08440000, 0x08880000)
 tenured generation   total 87424K, used 26503K [0x10ca0000, 0x16200000, 0x26200000)
   the space 87424K,  30% used [0x10ca0000, 0x12681ec8, 0x12682000, 0x16200000)
 Metaspace       used 17816K, capacity 18290K, committed 18304K, reserved 18816K
}

